<?xml version="1.0" encoding="UTF-8" ?>
<testsuite failures="0" time="0.083" errors="0" skipped="0" tests="4" name="com.rzymskie.LiczbaRzymskaTest">
  <properties>
[...]
</properties>
  <testcase time="0.005" classname="com.rzymskie.LiczbaRzymskaTest" name="LiczbaUjemna"/>
  <testcase time="0.002" classname="com.rzymskie.LiczbaRzymskaTest" name="DuzaLiczba"/>
  <testcase time="0.002" classname="com.rzymskie.LiczbaRzymskaTest" name="ZeroTest"/>
  <testcase time="0.002" classname="com.rzymskie.LiczbaRzymskaTest" name="ZamianaMalejLiczby"/>
</testsuite>